#
# There is insufficient memory for the Java Runtime Environment to continue.
# Native memory allocation (mmap) failed to map 65536 bytes for Failed to commit area from 0x0000023aa5b40000 to 0x0000023aa5b50000 of length 65536.
# Possible reasons:
#   The system is out of physical RAM or swap space
#   The process is running with CompressedOops enabled, and the Java Heap may be blocking the growth of the native heap
# Possible solutions:
#   Reduce memory load on the system
#   Increase physical memory or swap space
#   Check if swap backing store is full
#   Decrease Java heap size (-Xmx/-Xms)
#   Decrease number of Java threads
#   Decrease Java thread stack sizes (-Xss)
#   Set larger code cache with -XX:ReservedCodeCacheSize=
# This output file may be truncated or incomplete.
#
#  Out of Memory Error (./src/hotspot/os/windows/os_windows.cpp:3387), pid=3340, tid=13112
#
# JRE version:  (11.0.14.1+1) (build )
# Java VM: OpenJDK 64-Bit Server VM (11.0.14.1+1, mixed mode, sharing, tiered, compressed oops, g1 gc, windows-amd64)
# No core dump will be written. Minidumps are not enabled by default on client versions of Windows
#

---------------  S U M M A R Y ------------

Command Line: -Dfile.encoding=UTF-8 

Host: AMD Ryzen 5 4600H with Radeon Graphics         , 12 cores, 15G,  Windows 10 , 64 bit Build 19041 (10.0.19041.3636)
Time: Sat May 11 14:52:36 2024 GTB Daylight Time elapsed time: 0.025794 seconds (0d 0h 0m 0s)

---------------  T H R E A D  ---------------

Current thread (0x0000023a8c419800):  JavaThread "Unknown thread" [_thread_in_vm, id=13112, stack(0x000000c1f0300000,0x000000c1f0400000)]

Stack: [0x000000c1f0300000,0x000000c1f0400000]
Native frames: (J=compiled Java code, j=interpreted, Vv=VM code, C=native code)
V  [jvm.dll+0x61e59a]
V  [jvm.dll+0x7aaca9]
V  [jvm.dll+0x7ac398]
V  [jvm.dll+0x7aca73]
V  [jvm.dll+0x24f9b8]
V  [jvm.dll+0x61b83a]
V  [jvm.dll+0x6100c5]
V  [jvm.dll+0x30772c]
V  [jvm.dll+0x3075b2]
V  [jvm.dll+0x30c3f0]
V  [jvm.dll+0x352742]
V  [jvm.dll+0x352160]
V  [jvm.dll+0x2e4728]
V  [jvm.dll+0x2e5886]
V  [jvm.dll+0x784b07]
V  [jvm.dll+0x78628f]
V  [jvm.dll+0x35f479]
V  [jvm.dll+0x767aa0]
V  [jvm.dll+0x3ccf1f]
V  [jvm.dll+0x3cf2b1]
C  [jli.dll+0x5207]
C  [ucrtbase.dll+0x21bb2]
C  [KERNEL32.DLL+0x17344]
C  [ntdll.dll+0x526b1]


---------------  P R O C E S S  ---------------

Threads class SMR info:
_java_thread_list=0x0000023a8a19aa00, length=0, elements={
}

Java Threads: ( => current thread )

Other Threads:
  0x0000023a8c434000 GCTaskThread "GC Thread#0" [stack: 0x000000c1f0400000,0x000000c1f0500000] [id=5428]
  0x0000023a8c48b800 ConcurrentGCThread "G1 Main Marker" [stack: 0x000000c1f0500000,0x000000c1f0600000] [id=9124]
  0x0000023a8c48d000 ConcurrentGCThread "G1 Conc#0" [stack: 0x000000c1f0600000,0x000000c1f0700000] [id=4712]

[error occurred during error reporting (printing all threads), id 0xc0000005, EXCEPTION_ACCESS_VIOLATION (0xc0000005) at pc=0x00007ff8d8633ef7]

VM state:not at safepoint (not fully initialized)

VM Mutex/Monitor currently owned by a thread:  ([mutex/lock_event])
[0x0000023a8c4169f0] Heap_lock - owner thread: 0x0000023a8c419800

Heap address: 0x000000070a000000, size: 3936 MB, Compressed Oops mode: Non-zero based: 0x000000070a000000
Narrow klass base: 0x0000000000000000, Narrow klass shift: 0

GC Heap History (0 events):
No events

Deoptimization events (0 events):
No events

Classes redefined (0 events):
No events

Internal exceptions (0 events):
No events

Events (1 events):
Event: 0.017 Loaded shared library D:\Programs\Unity\Unity\2022.3.14f1\Editor\Data\PlaybackEngines\AndroidPlayer\OpenJDK\bin\zip.dll


Dynamic libraries:
0x00007ff7e1e10000 - 0x00007ff7e1e1d000 	D:\Programs\Unity\Unity\2022.3.14f1\Editor\Data\PlaybackEngines\AndroidPlayer\OpenJDK\bin\java.exe
0x00007ff979950000 - 0x00007ff979b48000 	C:\Windows\SYSTEM32\ntdll.dll
0x00007ff978470000 - 0x00007ff97852d000 	C:\Windows\System32\KERNEL32.DLL
0x00007ff977350000 - 0x00007ff977646000 	C:\Windows\System32\KERNELBASE.dll
0x000000006eac0000 - 0x000000006edf2000 	C:\Program Files\Norton Security\NortonData\22.23.10.10\Definitions\IPSDefs\20240510.064\IPSEng64.dll
0x00007ff978310000 - 0x00007ff9783c0000 	C:\Windows\System32\ADVAPI32.dll
0x00007ff978c90000 - 0x00007ff978d2e000 	C:\Windows\System32\msvcrt.dll
0x00007ff978a40000 - 0x00007ff978ae0000 	C:\Windows\System32\sechost.dll
0x00007ff978f50000 - 0x00007ff979073000 	C:\Windows\System32\RPCRT4.dll
0x00007ff977750000 - 0x00007ff977777000 	C:\Windows\System32\bcrypt.dll
0x00007ff979250000 - 0x00007ff979258000 	C:\Windows\System32\PSAPI.DLL
0x00007ff977650000 - 0x00007ff977750000 	C:\Windows\System32\ucrtbase.dll
0x00007ff971b60000 - 0x00007ff971b77000 	D:\Programs\Unity\Unity\2022.3.14f1\Editor\Data\PlaybackEngines\AndroidPlayer\OpenJDK\bin\jli.dll
0x00007ff978db0000 - 0x00007ff978f4f000 	C:\Windows\System32\USER32.dll
0x00007ff977780000 - 0x00007ff9777a2000 	C:\Windows\System32\win32u.dll
0x00007ff978ae0000 - 0x00007ff978b0b000 	C:\Windows\System32\GDI32.dll
0x00007ff9777b0000 - 0x00007ff9778c7000 	C:\Windows\System32\gdi32full.dll
0x00007ff977160000 - 0x00007ff9771fd000 	C:\Windows\System32\msvcp_win.dll
0x00007ff946000000 - 0x00007ff946015000 	D:\Programs\Unity\Unity\2022.3.14f1\Editor\Data\PlaybackEngines\AndroidPlayer\OpenJDK\bin\VCRUNTIME140.dll
0x00007ff96c550000 - 0x00007ff96c7ea000 	C:\Windows\WinSxS\amd64_microsoft.windows.common-controls_6595b64144ccf1df_6.0.19041.3636_none_60b6a03d71f818d5\COMCTL32.dll
0x00007ff978b10000 - 0x00007ff978b42000 	C:\Windows\System32\IMM32.DLL
0x00007ff8ef4c0000 - 0x00007ff8ef55b000 	D:\Programs\Unity\Unity\2022.3.14f1\Editor\Data\PlaybackEngines\AndroidPlayer\OpenJDK\bin\msvcp140.dll
0x00007ff8d8340000 - 0x00007ff8d8ec1000 	D:\Programs\Unity\Unity\2022.3.14f1\Editor\Data\PlaybackEngines\AndroidPlayer\OpenJDK\bin\server\jvm.dll
0x00007ff909120000 - 0x00007ff909129000 	C:\Windows\SYSTEM32\WSOCK32.dll
0x00007ff978c20000 - 0x00007ff978c8b000 	C:\Windows\System32\WS2_32.dll
0x00007ff966ff0000 - 0x00007ff967017000 	C:\Windows\SYSTEM32\WINMM.dll
0x00007ff970840000 - 0x00007ff97084a000 	C:\Windows\SYSTEM32\VERSION.dll
0x00007ff974e90000 - 0x00007ff974ea2000 	C:\Windows\SYSTEM32\kernel.appcore.dll
0x00007ff971b50000 - 0x00007ff971b60000 	D:\Programs\Unity\Unity\2022.3.14f1\Editor\Data\PlaybackEngines\AndroidPlayer\OpenJDK\bin\verify.dll
0x00007ff9654c0000 - 0x00007ff9656a4000 	C:\Windows\SYSTEM32\DBGHELP.DLL
0x00007ff95ef80000 - 0x00007ff95efb4000 	C:\Windows\SYSTEM32\dbgcore.DLL
0x00007ff977200000 - 0x00007ff977282000 	C:\Windows\System32\bcryptPrimitives.dll
0x00007ff9253a0000 - 0x00007ff9253c8000 	D:\Programs\Unity\Unity\2022.3.14f1\Editor\Data\PlaybackEngines\AndroidPlayer\OpenJDK\bin\java.dll
0x00007ff945ff0000 - 0x00007ff945ffa000 	D:\Programs\Unity\Unity\2022.3.14f1\Editor\Data\PlaybackEngines\AndroidPlayer\OpenJDK\bin\jimage.dll
0x00007ff910050000 - 0x00007ff910068000 	D:\Programs\Unity\Unity\2022.3.14f1\Editor\Data\PlaybackEngines\AndroidPlayer\OpenJDK\bin\zip.dll

dbghelp: loaded successfully - version: 4.0.5 - missing functions: none
symbol engine: initialized successfully - sym options: 0x614 - pdb path: .;D:\Programs\Unity\Unity\2022.3.14f1\Editor\Data\PlaybackEngines\AndroidPlayer\OpenJDK\bin;C:\Windows\SYSTEM32;C:\Program Files\Norton Security\NortonData\22.23.10.10\Definitions\IPSDefs\20240510.064;C:\Windows\WinSxS\amd64_microsoft.windows.common-controls_6595b64144ccf1df_6.0.19041.3636_none_60b6a03d71f818d5;D:\Programs\Unity\Unity\2022.3.14f1\Editor\Data\PlaybackEngines\AndroidPlayer\OpenJDK\bin\server

VM Arguments:
jvm_args: -Dfile.encoding=UTF-8 
java_command: <unknown>
java_class_path (initial): <not set>
Launcher Type: SUN_STANDARD

[Global flags]
     intx CICompilerCount                          = 4                                         {product} {ergonomic}
     uint ConcGCThreads                            = 3                                         {product} {ergonomic}
     uint G1ConcRefinementThreads                  = 10                                        {product} {ergonomic}
   size_t G1HeapRegionSize                         = 1048576                                   {product} {ergonomic}
    uintx GCDrainStackTargetSize                   = 64                                        {product} {ergonomic}
   size_t InitialHeapSize                          = 257949696                                 {product} {ergonomic}
   size_t MarkStackSize                            = 4194304                                   {product} {ergonomic}
   size_t MaxHeapSize                              = 4127195136                                {product} {ergonomic}
   size_t MinHeapDeltaBytes                        = 1048576                                   {product} {ergonomic}
    uintx NonNMethodCodeHeapSize                   = 5836300                                {pd product} {ergonomic}
    uintx NonProfiledCodeHeapSize                  = 122910970                              {pd product} {ergonomic}
    uintx ProfiledCodeHeapSize                     = 122910970                              {pd product} {ergonomic}
    uintx ReservedCodeCacheSize                    = 251658240                              {pd product} {ergonomic}
     bool SegmentedCodeCache                       = true                                      {product} {ergonomic}
     bool UseCompressedClassPointers               = true                                 {lp64_product} {ergonomic}
     bool UseCompressedOops                        = true                                 {lp64_product} {ergonomic}
     bool UseG1GC                                  = true                                      {product} {ergonomic}
     bool UseLargePagesIndividualAllocation        = false                                  {pd product} {ergonomic}

Logging:
Log output configuration:
 #0: stdout all=warning uptime,level,tags
 #1: stderr all=off uptime,level,tags

Environment Variables:
JAVA_HOME=D:\Programs\Unity\Unity\2022.3.14f1\Editor\Data\PlaybackEngines\AndroidPlayer\OpenJDK
JAVA_TOOL_OPTIONS=-Dfile.encoding=UTF-8
PATH=C:\Users\rares\AppData\Local\Programs\Python\Python311;C:\Program Files\Common Files\Oracle\Java\javapath;C:\Program Files (x86)\Common Files\Oracle\Java\javapath;D:\Oculus\Support\oculus-runtime;C:\Windows\system32;C:\Windows;C:\Windows\System32\Wbem;C:\Windows\System32\WindowsPowerShell\v1.0\;C:\Windows\System32\OpenSSH\;C:\Program Files\NVIDIA Corporation\NVIDIA NvDLISR;C:\Program Files\dotnet\;C:\Program Files (x86)\NVIDIA Corporation\PhysX\Common;C:\Users\rares\AppData\Roaming\nvm;C:\Program Files\nodejs;C:\Program Files\Microsoft SQL Server\150\Tools\Binn\;C:\Program Files\Microsoft SQL Server\Client SDK\ODBC\170\Tools\Binn\;D:\Programs\Git\cmd;D:\Windows Kits\10\Windows Performance Toolkit\;C:\Users\rares\AppData\Local\Programs\Python\Python311\python.exe;C:\Users\rares\AppData\Local\Programs\Python\Python312\Scripts\;C:\Users\rares\AppData\Local\Programs\Python\Python312\;C:\Users\rares\AppData\Local\Microsoft\WindowsApps;C:\Users\rares\AppData\Local\GitHubDesktop\bin;D:\Programs\PyCharm 2023.2.5\bin;;D:\Programs\VS Code\bin;C:\Users\rares\AppData\Roaming\nvm;C:\Program Files\nodejs;C:\Users\rares\.dotnet\tools;D:\Programs\IntelliJ IDEA 2023.3.4\bin;;
USERNAME=rares
OS=Windows_NT
PROCESSOR_IDENTIFIER=AMD64 Family 23 Model 96 Stepping 1, AuthenticAMD



---------------  S Y S T E M  ---------------

OS: Windows 10 , 64 bit Build 19041 (10.0.19041.3636)
OS uptime: 0 days 0:10 hours

CPU:total 12 (initial active 12) (12 cores per cpu, 2 threads per core) family 23 model 96 stepping 1 microcode 0x0, cmov, cx8, fxsr, mmx, sse, sse2, sse3, ssse3, sse4.1, sse4.2, popcnt, avx, avx2, aes, clmul, mmxext, 3dnowpref, lzcnt, sse4a, ht, tsc, tscinvbit, tscinv, bmi1, bmi2, adx, sha, fma

Memory: 4k page, system-wide physical 15741M (1911M free)
TotalPageFile size 18604M (AvailPageFile size 5M)
current process WorkingSet (physical memory assigned to process): 11M, peak: 11M
current process commit charge ("private bytes"): 315M, peak: 315M

vm_info: OpenJDK 64-Bit Server VM (11.0.14.1+1) for windows-amd64 JRE (11.0.14.1+1), built on Feb  9 2022 01:48:27 by "" with unknown MS VC++:1916

END.
